{"C:\\Users\\stuff\\Desktop\\Desarollo de Software Seguro\\Practico 4 DDS\\Practico_4\\practico4\\2025-Desarrollo-Seguro-main\\services\\backend\\src\\db.ts": {"path":"C:\\Users\\stuff\\Desktop\\Desarollo de Software Seguro\\Practico 4 DDS\\Practico_4\\practico4\\2025-Desarrollo-Seguro-main\\services\\backend\\src\\db.ts","statementMap":{"0":{"start":{"line":1,"column":0},"end":{"line":1,"column":36}},"1":{"start":{"line":2,"column":0},"end":{"line":2,"column":24}},"2":{"start":{"line":4,"column":11},"end":{"line":4,"column":39}},"3":{"start":{"line":6,"column":0},"end":{"line":6,"column":18}}},"fnMap":{},"branchMap":{},"s":{"0":1,"1":1,"2":1,"3":1},"f":{},"b":{}}
,"C:\\Users\\stuff\\Desktop\\Desarollo de Software Seguro\\Practico 4 DDS\\Practico_4\\practico4\\2025-Desarrollo-Seguro-main\\services\\backend\\src\\knexfile.ts": {"path":"C:\\Users\\stuff\\Desktop\\Desarollo de Software Seguro\\Practico 4 DDS\\Practico_4\\practico4\\2025-Desarrollo-Seguro-main\\services\\backend\\src\\knexfile.ts","statementMap":{"0":{"start":{"line":3,"column":0},"end":{"line":3,"column":28}},"1":{"start":{"line":5,"column":0},"end":{"line":5,"column":16}},"2":{"start":{"line":7,"column":47},"end":{"line":24,"column":2}},"3":{"start":{"line":26,"column":0},"end":{"line":26,"column":22}}},"fnMap":{},"branchMap":{"0":{"loc":{"start":{"line":11,"column":12},"end":{"line":11,"column":46}},"type":"binary-expr","locations":[{"start":{"line":11,"column":12},"end":{"line":11,"column":31}},{"start":{"line":11,"column":35},"end":{"line":11,"column":46}}]},"1":{"loc":{"start":{"line":12,"column":12},"end":{"line":12,"column":41}},"type":"binary-expr","locations":[{"start":{"line":12,"column":12},"end":{"line":12,"column":31}},{"start":{"line":12,"column":35},"end":{"line":12,"column":41}}]},"2":{"loc":{"start":{"line":13,"column":16},"end":{"line":13,"column":49}},"type":"binary-expr","locations":[{"start":{"line":13,"column":16},"end":{"line":13,"column":35}},{"start":{"line":13,"column":39},"end":{"line":13,"column":49}}]},"3":{"loc":{"start":{"line":14,"column":16},"end":{"line":14,"column":48}},"type":"binary-expr","locations":[{"start":{"line":14,"column":16},"end":{"line":14,"column":35}},{"start":{"line":14,"column":39},"end":{"line":14,"column":48}}]},"4":{"loc":{"start":{"line":15,"column":21},"end":{"line":15,"column":50}},"type":"binary-expr","locations":[{"start":{"line":15,"column":21},"end":{"line":15,"column":40}},{"start":{"line":15,"column":44},"end":{"line":15,"column":50}}]}},"s":{"0":1,"1":1,"2":1,"3":1},"f":{},"b":{"0":[1,1],"1":[1,1],"2":[1,1],"3":[1,1],"4":[1,1]}}
,"C:\\Users\\stuff\\Desktop\\Desarollo de Software Seguro\\Practico 4 DDS\\Practico_4\\practico4\\2025-Desarrollo-Seguro-main\\services\\backend\\src\\services\\authService.ts": {"path":"C:\\Users\\stuff\\Desktop\\Desarollo de Software Seguro\\Practico 4 DDS\\Practico_4\\practico4\\2025-Desarrollo-Seguro-main\\services\\backend\\src\\services\\authService.ts","statementMap":{"0":{"start":{"line":2,"column":0},"end":{"line":2,"column":28}},"1":{"start":{"line":3,"column":0},"end":{"line":3,"column":36}},"2":{"start":{"line":4,"column":0},"end":{"line":4,"column":23}},"3":{"start":{"line":6,"column":0},"end":{"line":6,"column":36}},"4":{"start":{"line":7,"column":0},"end":{"line":7,"column":22}},"5":{"start":{"line":9,"column":18},"end":{"line":9,"column":32}},"6":{"start":{"line":10,"column":19},"end":{"line":10,"column":42}},"7":{"start":{"line":15,"column":21},"end":{"line":18,"column":14}},"8":{"start":{"line":19,"column":4},"end":{"line":19,"column":85}},"9":{"start":{"line":19,"column":18},"end":{"line":19,"column":85}},"10":{"start":{"line":21,"column":25},"end":{"line":21,"column":62}},"11":{"start":{"line":22,"column":33},"end":{"line":22,"column":66}},"12":{"start":{"line":23,"column":4},"end":{"line":33,"column":9}},"13":{"start":{"line":35,"column":24},"end":{"line":42,"column":6}},"14":{"start":{"line":43,"column":17},"end":{"line":43,"column":108}},"15":{"start":{"line":45,"column":21},"end":{"line":51,"column":15}},"16":{"start":{"line":52,"column":21},"end":{"line":52,"column":41}},"17":{"start":{"line":54,"column":4},"end":{"line":59,"column":7}},"18":{"start":{"line":63,"column":21},"end":{"line":65,"column":14}},"19":{"start":{"line":66,"column":4},"end":{"line":66,"column":53}},"20":{"start":{"line":66,"column":19},"end":{"line":66,"column":53}},"21":{"start":{"line":67,"column":4},"end":{"line":75,"column":9}},"22":{"start":{"line":76,"column":4},"end":{"line":76,"column":20}},"23":{"start":{"line":80,"column":17},"end":{"line":83,"column":14}},"24":{"start":{"line":84,"column":4},"end":{"line":84,"column":68}},"25":{"start":{"line":84,"column":15},"end":{"line":84,"column":68}},"26":{"start":{"line":85,"column":4},"end":{"line":85,"column":71}},"27":{"start":{"line":85,"column":35},"end":{"line":85,"column":71}},"28":{"start":{"line":86,"column":4},"end":{"line":86,"column":16}},"29":{"start":{"line":90,"column":17},"end":{"line":93,"column":14}},"30":{"start":{"line":94,"column":4},"end":{"line":94,"column":75}},"31":{"start":{"line":94,"column":15},"end":{"line":94,"column":75}},"32":{"start":{"line":96,"column":18},"end":{"line":96,"column":55}},"33":{"start":{"line":97,"column":20},"end":{"line":97,"column":52}},"34":{"start":{"line":99,"column":4},"end":{"line":104,"column":9}},"35":{"start":{"line":107,"column":24},"end":{"line":114,"column":6}},"36":{"start":{"line":116,"column":17},"end":{"line":116,"column":76}},"37":{"start":{"line":117,"column":4},"end":{"line":121,"column":7}},"38":{"start":{"line":125,"column":16},"end":{"line":128,"column":14}},"39":{"start":{"line":129,"column":4},"end":{"line":129,"column":64}},"40":{"start":{"line":129,"column":14},"end":{"line":129,"column":64}},"41":{"start":{"line":131,"column":4},"end":{"line":137,"column":9}},"42":{"start":{"line":141,"column":16},"end":{"line":144,"column":14}},"43":{"start":{"line":145,"column":4},"end":{"line":145,"column":65}},"44":{"start":{"line":145,"column":14},"end":{"line":145,"column":65}},"45":{"start":{"line":147,"column":4},"end":{"line":154,"column":29}},"46":{"start":{"line":158,"column":4},"end":{"line":158,"column":42}},"47":{"start":{"line":162,"column":0},"end":{"line":162,"column":27}}},"fnMap":{"0":{"name":"(anonymous_1)","decl":{"start":{"line":14,"column":2},"end":{"line":14,"column":8}},"loc":{"start":{"line":14,"column":36},"end":{"line":60,"column":3}}},"1":{"name":"(anonymous_2)","decl":{"start":{"line":62,"column":2},"end":{"line":62,"column":8}},"loc":{"start":{"line":62,"column":36},"end":{"line":77,"column":3}}},"2":{"name":"(anonymous_3)","decl":{"start":{"line":79,"column":2},"end":{"line":79,"column":8}},"loc":{"start":{"line":79,"column":62},"end":{"line":87,"column":3}}},"3":{"name":"(anonymous_4)","decl":{"start":{"line":89,"column":2},"end":{"line":89,"column":8}},"loc":{"start":{"line":89,"column":51},"end":{"line":122,"column":3}}},"4":{"name":"(anonymous_5)","decl":{"start":{"line":124,"column":2},"end":{"line":124,"column":8}},"loc":{"start":{"line":124,"column":63},"end":{"line":138,"column":3}}},"5":{"name":"(anonymous_6)","decl":{"start":{"line":140,"column":2},"end":{"line":140,"column":8}},"loc":{"start":{"line":140,"column":61},"end":{"line":155,"column":3}}},"6":{"name":"(anonymous_7)","decl":{"start":{"line":157,"column":2},"end":{"line":157,"column":8}},"loc":{"start":{"line":157,"column":35},"end":{"line":159,"column":3}}}},"branchMap":{"0":{"loc":{"start":{"line":19,"column":4},"end":{"line":19,"column":85}},"type":"if","locations":[{"start":{"line":19,"column":4},"end":{"line":19,"column":85}},{"start":{},"end":{}}]},"1":{"loc":{"start":{"line":66,"column":4},"end":{"line":66,"column":53}},"type":"if","locations":[{"start":{"line":66,"column":4},"end":{"line":66,"column":53}},{"start":{},"end":{}}]},"2":{"loc":{"start":{"line":84,"column":4},"end":{"line":84,"column":68}},"type":"if","locations":[{"start":{"line":84,"column":4},"end":{"line":84,"column":68}},{"start":{},"end":{}}]},"3":{"loc":{"start":{"line":85,"column":4},"end":{"line":85,"column":71}},"type":"if","locations":[{"start":{"line":85,"column":4},"end":{"line":85,"column":71}},{"start":{},"end":{}}]},"4":{"loc":{"start":{"line":94,"column":4},"end":{"line":94,"column":75}},"type":"if","locations":[{"start":{"line":94,"column":4},"end":{"line":94,"column":75}},{"start":{},"end":{}}]},"5":{"loc":{"start":{"line":109,"column":21},"end":{"line":109,"column":51}},"type":"binary-expr","locations":[{"start":{"line":109,"column":21},"end":{"line":109,"column":42}},{"start":{"line":109,"column":46},"end":{"line":109,"column":51}}]},"6":{"loc":{"start":{"line":129,"column":4},"end":{"line":129,"column":64}},"type":"if","locations":[{"start":{"line":129,"column":4},"end":{"line":129,"column":64}},{"start":{},"end":{}}]},"7":{"loc":{"start":{"line":145,"column":4},"end":{"line":145,"column":65}},"type":"if","locations":[{"start":{"line":145,"column":4},"end":{"line":145,"column":65}},{"start":{},"end":{}}]}},"s":{"0":1,"1":1,"2":1,"3":1,"4":1,"5":1,"6":1,"7":10,"8":10,"9":0,"10":10,"11":10,"12":10,"13":10,"14":10,"15":10,"16":10,"17":8,"18":0,"19":0,"20":0,"21":0,"22":0,"23":0,"24":0,"25":0,"26":0,"27":0,"28":0,"29":0,"30":0,"31":0,"32":0,"33":0,"34":0,"35":0,"36":0,"37":0,"38":0,"39":0,"40":0,"41":0,"42":0,"43":0,"44":0,"45":0,"46":0,"47":1},"f":{"0":10,"1":0,"2":0,"3":0,"4":0,"5":0,"6":0},"b":{"0":[0,10],"1":[0,0],"2":[0,0],"3":[0,0],"4":[0,0],"5":[0,0],"6":[0,0],"7":[0,0]}}
,"C:\\Users\\stuff\\Desktop\\Desarollo de Software Seguro\\Practico 4 DDS\\Practico_4\\practico4\\2025-Desarrollo-Seguro-main\\services\\backend\\src\\utils\\jwt.ts": {"path":"C:\\Users\\stuff\\Desktop\\Desarollo de Software Seguro\\Practico 4 DDS\\Practico_4\\practico4\\2025-Desarrollo-Seguro-main\\services\\backend\\src\\utils\\jwt.ts","statementMap":{"0":{"start":{"line":1,"column":0},"end":{"line":1,"column":31}},"1":{"start":{"line":3,"column":22},"end":{"line":9,"column":1}},"2":{"start":{"line":4,"column":2},"end":{"line":8,"column":4}},"3":{"start":{"line":11,"column":20},"end":{"line":13,"column":1}},"4":{"start":{"line":12,"column":2},"end":{"line":12,"column":51}},"5":{"start":{"line":15,"column":0},"end":{"line":18,"column":null}}},"fnMap":{"0":{"name":"(anonymous_1)","decl":{"start":{"line":3,"column":22},"end":{"line":3,"column":23}},"loc":{"start":{"line":3,"column":41},"end":{"line":9,"column":1}}},"1":{"name":"(anonymous_2)","decl":{"start":{"line":11,"column":20},"end":{"line":11,"column":21}},"loc":{"start":{"line":11,"column":38},"end":{"line":13,"column":1}}}},"branchMap":{},"s":{"0":1,"1":1,"2":0,"3":1,"4":0,"5":1},"f":{"0":0,"1":0},"b":{}}
}
