TN:
SF:src\db.ts
FNF:0
FNH:0
DA:1,1
DA:2,1
DA:4,1
DA:6,1
LF:4
LH:4
BRF:0
BRH:0
end_of_record
TN:
SF:src\knexfile.ts
FNF:0
FNH:0
DA:3,1
DA:5,1
DA:7,1
DA:26,1
LF:4
LH:4
BRDA:11,0,0,1
BRDA:11,0,1,1
BRDA:12,1,0,1
BRDA:12,1,1,1
BRDA:13,2,0,1
BRDA:13,2,1,1
BRDA:14,3,0,1
BRDA:14,3,1,1
BRDA:15,4,0,1
BRDA:15,4,1,1
BRF:10
BRH:10
end_of_record
TN:
SF:src\services\authService.ts
FN:14,(anonymous_1)
FN:62,(anonymous_2)
FN:79,(anonymous_3)
FN:89,(anonymous_4)
FN:124,(anonymous_5)
FN:140,(anonymous_6)
FN:157,(anonymous_7)
FNF:7
FNH:1
FNDA:10,(anonymous_1)
FNDA:0,(anonymous_2)
FNDA:0,(anonymous_3)
FNDA:0,(anonymous_4)
FNDA:0,(anonymous_5)
FNDA:0,(anonymous_6)
FNDA:0,(anonymous_7)
DA:2,1
DA:3,1
DA:4,1
DA:6,1
DA:7,1
DA:9,1
DA:10,1
DA:15,10
DA:19,10
DA:21,10
DA:22,10
DA:23,10
DA:35,10
DA:43,10
DA:45,10
DA:52,10
DA:54,8
DA:63,0
DA:66,0
DA:67,0
DA:76,0
DA:80,0
DA:84,0
DA:85,0
DA:86,0
DA:90,0
DA:94,0
DA:96,0
DA:97,0
DA:99,0
DA:107,0
DA:116,0
DA:117,0
DA:125,0
DA:129,0
DA:131,0
DA:141,0
DA:145,0
DA:147,0
DA:158,0
DA:162,1
LF:41
LH:18
BRDA:19,0,0,0
BRDA:19,0,1,10
BRDA:66,1,0,0
BRDA:66,1,1,0
BRDA:84,2,0,0
BRDA:84,2,1,0
BRDA:85,3,0,0
BRDA:85,3,1,0
BRDA:94,4,0,0
BRDA:94,4,1,0
BRDA:109,5,0,0
BRDA:109,5,1,0
BRDA:129,6,0,0
BRDA:129,6,1,0
BRDA:145,7,0,0
BRDA:145,7,1,0
BRF:16
BRH:1
end_of_record
TN:
SF:src\utils\jwt.ts
FN:3,(anonymous_1)
FN:11,(anonymous_2)
FNF:2
FNH:0
FNDA:0,(anonymous_1)
FNDA:0,(anonymous_2)
DA:1,1
DA:3,1
DA:4,0
DA:11,1
DA:12,0
DA:15,1
LF:6
LH:4
BRF:0
BRH:0
end_of_record
